# JRE version: OpenJDK Runtime Environment Temurin-21.0.10+7 (21.0.10+7) (build 21.0.10+7-LTS)
# Java VM: OpenJDK 64-Bit Server VM Temurin-21.0.10+7 (21.0.10+7-LTS, mixed mode, sharing, tiered, compressed oops, compressed class ptrs, g1 gc, windows-amd64)
GC Precious Log:
 CardTable entry size: 512
 Card Set container configuration: InlinePtr #cards 5 size 8 Array Of Cards #cards 12 size 40 Howl #buckets 4 coarsen threshold 1843 Howl Bitmap #cards 512 size 80 coarsen threshold 460 Card regions per heap region 1 cards per card region 2048
 CPUs: 16 total, 16 available
 Memory: 16068M
 Large Page Support: Disabled
 NUMA Support: Disabled
 Compressed Oops: Enabled (32-bit)
 Heap Region Size: 1M
 Heap Min Capacity: 8M
 Heap Initial Capacity: 252M
 Heap Max Capacity: 1536M
 Pre-touch: Disabled
 Parallel Workers: 13
 Concurrent Workers: 3
 Concurrent Refinement Workers: 13
 Periodic GC: Disabled
Heap:
 garbage-first heap   total 263168K, used 173876K [0x00000000a0000000, 0x0000000100000000)
  region size 1024K, 31 young (31744K), 7 survivors (7168K)
 Metaspace       used 95555K, committed 97600K, reserved 1179648K
  class space    used 12950K, committed 13952K, reserved 1048576K
GC Heap History (20 events):
Event: 49.661 GC heap before
{Heap before GC invocations=49 (full 0):
 garbage-first heap   total 201728K, used 187735K [0x00000000a0000000, 0x0000000100000000)
  region size 1024K, 65 young (66560K), 4 survivors (4096K)
 Metaspace       used 95483K, committed 97536K, reserved 1179648K
  class space    used 12955K, committed 13952K, reserved 1048576K
}
Event: 49.666 GC heap after
{Heap after GC invocations=50 (full 0):
 garbage-first heap   total 201728K, used 110752K [0x00000000a0000000, 0x0000000100000000)
  region size 1024K, 5 young (5120K), 5 survivors (5120K)
 Metaspace       used 95483K, committed 97536K, reserved 1179648K
  class space    used 12955K, committed 13952K, reserved 1048576K
}
Event: 49.990 GC heap before
{Heap before GC invocations=50 (full 0):
 garbage-first heap   total 201728K, used 185504K [0x00000000a0000000, 0x0000000100000000)
  region size 1024K, 79 young (80896K), 5 survivors (5120K)
 Metaspace       used 95483K, committed 97536K, reserved 1179648K
  class space    used 12955K, committed 13952K, reserved 1048576K
}
Event: 49.994 GC heap after
{Heap after GC invocations=51 (full 0):
 garbage-first heap   total 201728K, used 113128K [0x00000000a0000000, 0x0000000100000000)
  region size 1024K, 7 young (7168K), 7 survivors (7168K)
 Metaspace       used 95483K, committed 97536K, reserved 1179648K
  class space    used 12955K, committed 13952K, reserved 1048576K
}
Event: 50.477 GC heap before
{Heap before GC invocations=52 (full 0):
 garbage-first heap   total 201728K, used 186856K [0x00000000a0000000, 0x0000000100000000)
  region size 1024K, 80 young (81920K), 7 survivors (7168K)
 Metaspace       used 95490K, committed 97536K, reserved 1179648K
  class space    used 12949K, committed 13952K, reserved 1048576K
}
Event: 50.483 GC heap after
{Heap after GC invocations=53 (full 0):
 garbage-first heap   total 201728K, used 112687K [0x00000000a0000000, 0x0000000100000000)
  region size 1024K, 7 young (7168K), 7 survivors (7168K)
 Metaspace       used 95490K, committed 97536K, reserved 1179648K
  class space    used 12949K, committed 13952K, reserved 1048576K
}
Event: 50.718 GC heap before
{Heap before GC invocations=53 (full 0):
 garbage-first heap   total 201728K, used 187439K [0x00000000a0000000, 0x0000000100000000)
  region size 1024K, 81 young (82944K), 7 survivors (7168K)
 Metaspace       used 95501K, committed 97536K, reserved 1179648K
  class space    used 12949K, committed 13952K, reserved 1048576K
}
Event: 50.750 GC heap after
{Heap after GC invocations=54 (full 0):
 garbage-first heap   total 228352K, used 138006K [0x00000000a0000000, 0x0000000100000000)
  region size 1024K, 11 young (11264K), 11 survivors (11264K)
 Metaspace       used 95501K, committed 97536K, reserved 1179648K
  class space    used 12949K, committed 13952K, reserved 1048576K
}
Event: 51.032 GC heap before
{Heap before GC invocations=54 (full 0):
 garbage-first heap   total 228352K, used 194326K [0x00000000a0000000, 0x0000000100000000)
  region size 1024K, 67 young (68608K), 11 survivors (11264K)
 Metaspace       used 95510K, committed 97536K, reserved 1179648K
  class space    used 12949K, committed 13952K, reserved 1048576K
}
Event: 51.048 GC heap after
{Heap after GC invocations=55 (full 0):
 garbage-first heap   total 228352K, used 150016K [0x00000000a0000000, 0x0000000100000000)
  region size 1024K, 9 young (9216K), 9 survivors (9216K)
 Metaspace       used 95510K, committed 97536K, reserved 1179648K
  class space    used 12949K, committed 13952K, reserved 1048576K
}
Event: 51.668 GC heap before
{Heap before GC invocations=56 (full 0):
 garbage-first heap   total 250880K, used 202240K [0x00000000a0000000, 0x0000000100000000)
  region size 1024K, 57 young (58368K), 9 survivors (9216K)
 Metaspace       used 95517K, committed 97536K, reserved 1179648K
  class space    used 12949K, committed 13952K, reserved 1048576K
}
Event: 51.679 GC heap after
{Heap after GC invocations=57 (full 0):
 garbage-first heap   total 250880K, used 157823K [0x00000000a0000000, 0x0000000100000000)
  region size 1024K, 5 young (5120K), 5 survivors (5120K)
 Metaspace       used 95517K, committed 97536K, reserved 1179648K
  class space    used 12949K, committed 13952K, reserved 1048576K
}
Event: 52.120 GC heap before
{Heap before GC invocations=57 (full 0):
 garbage-first heap   total 250880K, used 218239K [0x00000000a0000000, 0x0000000100000000)
  region size 1024K, 65 young (66560K), 5 survivors (5120K)
 Metaspace       used 95525K, committed 97536K, reserved 1179648K
  class space    used 12949K, committed 13952K, reserved 1048576K
}
Event: 52.126 GC heap after
{Heap after GC invocations=58 (full 0):
 garbage-first heap   total 250880K, used 155715K [0x00000000a0000000, 0x0000000100000000)
  region size 1024K, 5 young (5120K), 5 survivors (5120K)
 Metaspace       used 95525K, committed 97536K, reserved 1179648K
  class space    used 12949K, committed 13952K, reserved 1048576K
}
Event: 52.557 GC heap before
{Heap before GC invocations=58 (full 0):
 garbage-first heap   total 250880K, used 221251K [0x00000000a0000000, 0x0000000100000000)
  region size 1024K, 70 young (71680K), 5 survivors (5120K)
 Metaspace       used 95532K, committed 97536K, reserved 1179648K
  class space    used 12949K, committed 13952K, reserved 1048576K
}
Event: 52.563 GC heap after
{Heap after GC invocations=59 (full 0):
 garbage-first heap   total 250880K, used 157237K [0x00000000a0000000, 0x0000000100000000)
  region size 1024K, 6 young (6144K), 6 survivors (6144K)
 Metaspace       used 95532K, committed 97536K, reserved 1179648K
  class space    used 12949K, committed 13952K, reserved 1048576K
}
Event: 53.165 GC heap before
{Heap before GC invocations=60 (full 0):
 garbage-first heap   total 263168K, used 226869K [0x00000000a0000000, 0x0000000100000000)
  region size 1024K, 74 young (75776K), 6 survivors (6144K)
 Metaspace       used 95539K, committed 97600K, reserved 1179648K
  class space    used 12949K, committed 13952K, reserved 1048576K
}
Event: 53.175 GC heap after
{Heap after GC invocations=61 (full 0):
 garbage-first heap   total 263168K, used 160689K [0x00000000a0000000, 0x0000000100000000)
  region size 1024K, 5 young (5120K), 5 survivors (5120K)
 Metaspace       used 95539K, committed 97600K, reserved 1179648K
  class space    used 12949K, committed 13952K, reserved 1048576K
}
Event: 53.736 GC heap before
{Heap before GC invocations=61 (full 0):
 garbage-first heap   total 263168K, used 238513K [0x00000000a0000000, 0x0000000100000000)
  region size 1024K, 82 young (83968K), 5 survivors (5120K)
 Metaspace       used 95552K, committed 97600K, reserved 1179648K
  class space    used 12950K, committed 13952K, reserved 1048576K
}
Event: 53.749 GC heap after
{Heap after GC invocations=62 (full 0):
 garbage-first heap   total 263168K, used 150324K [0x00000000a0000000, 0x0000000100000000)
  region size 1024K, 7 young (7168K), 7 survivors (7168K)
 Metaspace       used 95552K, committed 97600K, reserved 1179648K
  class space    used 12950K, committed 13952K, reserved 1048576K
}

