# JRE version: Java(TM) SE Runtime Environment (21.0.10+8) (build 21.0.10+8-LTS-217)
# Java VM: Java HotSpot(TM) 64-Bit Server VM (21.0.10+8-LTS-217, mixed mode, sharing, tiered, compressed oops, compressed class ptrs, parallel gc, windows-amd64)
GC Precious Log:
 CardTable entry size: 512
 CPUs: 16 total, 16 available
 Memory: 16068M
 Large Page Support: Disabled
 NUMA Support: Disabled
 Compressed Oops: Enabled (Zero based)
 Alignments: Space 512K, Generation 512K, Heap 2M
 Heap Min Capacity: 8M
 Heap Initial Capacity: 252M
 Heap Max Capacity: 4G
 Pre-touch: Disabled
 Parallel Workers: 13
Heap:
 PSYoungGen      total 193024K, used 38491K [0x00000007aab00000, 0x00000007b8780000, 0x0000000800000000)
  eden space 169472K, 10% used [0x00000007aab00000,0x00000007abc5ee18,0x00000007b5080000)
  from space 23552K, 87% used [0x00000007b5080000,0x00000007b64b8078,0x00000007b6780000)
  to   space 26112K, 0% used [0x00000007b6e00000,0x00000007b6e00000,0x00000007b8780000)
 ParOldGen       total 172032K, used 171842K [0x0000000700000000, 0x000000070a800000, 0x00000007aab00000)
  object space 172032K, 99% used [0x0000000700000000,0x000000070a7d0858,0x000000070a800000)
 Metaspace       used 111149K, committed 113920K, reserved 983040K
  class space    used 15338K, committed 16704K, reserved 851968K
GC Heap History (20 events):
Event: 34.124 GC heap before
{Heap before GC invocations=33 (full 4):
 PSYoungGen      total 184320K, used 179124K [0x00000007aab00000, 0x00000007b7c80000, 0x0000000800000000)
  eden space 168448K, 100% used [0x00000007aab00000,0x00000007b4f80000,0x00000007b4f80000)
  from space 15872K, 67% used [0x00000007b6d00000,0x00000007b776d218,0x00000007b7c80000)
  to   space 23040K, 0% used [0x00000007b4f80000,0x00000007b4f80000,0x00000007b6600000)
 ParOldGen       total 172032K, used 153471K [0x0000000700000000, 0x000000070a800000, 0x00000007aab00000)
  object space 172032K, 89% used [0x0000000700000000,0x00000007095dfcb0,0x000000070a800000)
 Metaspace       used 109612K, committed 112192K, reserved 983040K
  class space    used 15133K, committed 16384K, reserved 851968K
}
Event: 34.132 GC heap after
{Heap after GC invocations=33 (full 4):
 PSYoungGen      total 172544K, used 9719K [0x00000007aab00000, 0x00000007b7500000, 0x0000000800000000)
  eden space 162816K, 0% used [0x00000007aab00000,0x00000007aab00000,0x00000007b4a00000)
  from space 9728K, 99% used [0x00000007b4f80000,0x00000007b58fdee0,0x00000007b5900000)
  to   space 22016K, 0% used [0x00000007b5f80000,0x00000007b5f80000,0x00000007b7500000)
 ParOldGen       total 172032K, used 160919K [0x0000000700000000, 0x000000070a800000, 0x00000007aab00000)
  object space 172032K, 93% used [0x0000000700000000,0x0000000709d25dc0,0x000000070a800000)
 Metaspace       used 109612K, committed 112192K, reserved 983040K
  class space    used 15133K, committed 16384K, reserved 851968K
}
Event: 34.132 GC heap before
{Heap before GC invocations=34 (full 5):
 PSYoungGen      total 172544K, used 9719K [0x00000007aab00000, 0x00000007b7500000, 0x0000000800000000)
  eden space 162816K, 0% used [0x00000007aab00000,0x00000007aab00000,0x00000007b4a00000)
  from space 9728K, 99% used [0x00000007b4f80000,0x00000007b58fdee0,0x00000007b5900000)
  to   space 22016K, 0% used [0x00000007b5f80000,0x00000007b5f80000,0x00000007b7500000)
 ParOldGen       total 172032K, used 160919K [0x0000000700000000, 0x000000070a800000, 0x00000007aab00000)
  object space 172032K, 93% used [0x0000000700000000,0x0000000709d25dc0,0x000000070a800000)
 Metaspace       used 109612K, committed 112192K, reserved 983040K
  class space    used 15133K, committed 16384K, reserved 851968K
}
Event: 34.237 GC heap after
{Heap after GC invocations=34 (full 5):
 PSYoungGen      total 184832K, used 0K [0x00000007aab00000, 0x00000007b8b80000, 0x0000000800000000)
  eden space 162816K, 0% used [0x00000007aab00000,0x00000007aab00000,0x00000007b4a00000)
  from space 22016K, 0% used [0x00000007b5f80000,0x00000007b5f80000,0x00000007b7500000)
  to   space 22016K, 0% used [0x00000007b4a00000,0x00000007b4a00000,0x00000007b5f80000)
 ParOldGen       total 172032K, used 164114K [0x0000000700000000, 0x000000070a800000, 0x00000007aab00000)
  object space 172032K, 95% used [0x0000000700000000,0x000000070a044ba8,0x000000070a800000)
 Metaspace       used 109612K, committed 112192K, reserved 983040K
  class space    used 15133K, committed 16384K, reserved 851968K
}
Event: 34.679 GC heap before
{Heap before GC invocations=35 (full 5):
 PSYoungGen      total 184832K, used 162814K [0x00000007aab00000, 0x00000007b8b80000, 0x0000000800000000)
  eden space 162816K, 99% used [0x00000007aab00000,0x00000007b49ffaa8,0x00000007b4a00000)
  from space 22016K, 0% used [0x00000007b5f80000,0x00000007b5f80000,0x00000007b7500000)
  to   space 22016K, 0% used [0x00000007b4a00000,0x00000007b4a00000,0x00000007b5f80000)
 ParOldGen       total 172032K, used 164114K [0x0000000700000000, 0x000000070a800000, 0x00000007aab00000)
  object space 172032K, 95% used [0x0000000700000000,0x000000070a044ba8,0x000000070a800000)
 Metaspace       used 109731K, committed 112384K, reserved 983040K
  class space    used 15150K, committed 16448K, reserved 851968K
}
Event: 34.682 GC heap after
{Heap after GC invocations=35 (full 5):
 PSYoungGen      total 184832K, used 8800K [0x00000007aab00000, 0x00000007b8900000, 0x0000000800000000)
  eden space 162816K, 0% used [0x00000007aab00000,0x00000007aab00000,0x00000007b4a00000)
  from space 22016K, 39% used [0x00000007b4a00000,0x00000007b5298000,0x00000007b5f80000)
  to   space 21504K, 0% used [0x00000007b7400000,0x00000007b7400000,0x00000007b8900000)
 ParOldGen       total 172032K, used 164114K [0x0000000700000000, 0x000000070a800000, 0x00000007aab00000)
  object space 172032K, 95% used [0x0000000700000000,0x000000070a044ba8,0x000000070a800000)
 Metaspace       used 109731K, committed 112384K, reserved 983040K
  class space    used 15150K, committed 16448K, reserved 851968K
}
Event: 34.682 GC heap before
{Heap before GC invocations=36 (full 6):
 PSYoungGen      total 184832K, used 8800K [0x00000007aab00000, 0x00000007b8900000, 0x0000000800000000)
  eden space 162816K, 0% used [0x00000007aab00000,0x00000007aab00000,0x00000007b4a00000)
  from space 22016K, 39% used [0x00000007b4a00000,0x00000007b5298000,0x00000007b5f80000)
  to   space 21504K, 0% used [0x00000007b7400000,0x00000007b7400000,0x00000007b8900000)
 ParOldGen       total 172032K, used 164114K [0x0000000700000000, 0x000000070a800000, 0x00000007aab00000)
  object space 172032K, 95% used [0x0000000700000000,0x000000070a044ba8,0x000000070a800000)
 Metaspace       used 109731K, committed 112384K, reserved 983040K
  class space    used 15150K, committed 16448K, reserved 851968K
}
Event: 34.777 GC heap after
{Heap after GC invocations=36 (full 6):
 PSYoungGen      total 172032K, used 0K [0x00000007aab00000, 0x00000007b7880000, 0x0000000800000000)
  eden space 167424K, 0% used [0x00000007aab00000,0x00000007aab00000,0x00000007b4e80000)
  from space 4608K, 0% used [0x00000007b7400000,0x00000007b7400000,0x00000007b7880000)
  to   space 21504K, 0% used [0x00000007b4e80000,0x00000007b4e80000,0x00000007b6380000)
 ParOldGen       total 172032K, used 169259K [0x0000000700000000, 0x000000070a800000, 0x00000007aab00000)
  object space 172032K, 98% used [0x0000000700000000,0x000000070a54aed8,0x000000070a800000)
 Metaspace       used 109731K, committed 112384K, reserved 983040K
  class space    used 15150K, committed 16448K, reserved 851968K
}
Event: 35.336 GC heap before
{Heap before GC invocations=37 (full 6):
 PSYoungGen      total 172032K, used 167424K [0x00000007aab00000, 0x00000007b7880000, 0x0000000800000000)
  eden space 167424K, 100% used [0x00000007aab00000,0x00000007b4e80000,0x00000007b4e80000)
  from space 4608K, 0% used [0x00000007b7400000,0x00000007b7400000,0x00000007b7880000)
  to   space 21504K, 0% used [0x00000007b4e80000,0x00000007b4e80000,0x00000007b6380000)
 ParOldGen       total 172032K, used 169259K [0x0000000700000000, 0x000000070a800000, 0x00000007aab00000)
  object space 172032K, 98% used [0x0000000700000000,0x000000070a54aed8,0x000000070a800000)
 Metaspace       used 110833K, committed 113536K, reserved 983040K
  class space    used 15302K, committed 16640K, reserved 851968K
}
Event: 35.340 GC heap after
{Heap after GC invocations=37 (full 6):
 PSYoungGen      total 188928K, used 16780K [0x00000007aab00000, 0x00000007b7e80000, 0x0000000800000000)
  eden space 167424K, 0% used [0x00000007aab00000,0x00000007aab00000,0x00000007b4e80000)
  from space 21504K, 78% used [0x00000007b4e80000,0x00000007b5ee3048,0x00000007b6380000)
  to   space 22528K, 0% used [0x00000007b6880000,0x00000007b6880000,0x00000007b7e80000)
 ParOldGen       total 172032K, used 169267K [0x0000000700000000, 0x000000070a800000, 0x00000007aab00000)
  object space 172032K, 98% used [0x0000000700000000,0x000000070a54ced8,0x000000070a800000)
 Metaspace       used 110833K, committed 113536K, reserved 983040K
  class space    used 15302K, committed 16640K, reserved 851968K
}
Event: 35.340 GC heap before
{Heap before GC invocations=38 (full 7):
 PSYoungGen      total 188928K, used 16780K [0x00000007aab00000, 0x00000007b7e80000, 0x0000000800000000)
  eden space 167424K, 0% used [0x00000007aab00000,0x00000007aab00000,0x00000007b4e80000)
  from space 21504K, 78% used [0x00000007b4e80000,0x00000007b5ee3048,0x00000007b6380000)
  to   space 22528K, 0% used [0x00000007b6880000,0x00000007b6880000,0x00000007b7e80000)
 ParOldGen       total 172032K, used 169267K [0x0000000700000000, 0x000000070a800000, 0x00000007aab00000)
  object space 172032K, 98% used [0x0000000700000000,0x000000070a54ced8,0x000000070a800000)
 Metaspace       used 110833K, committed 113536K, reserved 983040K
  class space    used 15302K, committed 16640K, reserved 851968K
}
Event: 35.464 GC heap after
{Heap after GC invocations=38 (full 7):
 PSYoungGen      total 188928K, used 10101K [0x00000007aab00000, 0x00000007b7d80000, 0x0000000800000000)
  eden space 167424K, 0% used [0x00000007aab00000,0x00000007aab00000,0x00000007b4e80000)
  from space 21504K, 46% used [0x00000007b4e80000,0x00000007b585d668,0x00000007b6380000)
  to   space 22528K, 0% used [0x00000007b6780000,0x00000007b6780000,0x00000007b7d80000)
 ParOldGen       total 172032K, used 171820K [0x0000000700000000, 0x000000070a800000, 0x00000007aab00000)
  object space 172032K, 99% used [0x0000000700000000,0x000000070a7cb218,0x000000070a800000)
 Metaspace       used 110833K, committed 113536K, reserved 983040K
  class space    used 15302K, committed 16640K, reserved 851968K
}
Event: 35.778 GC heap before
{Heap before GC invocations=39 (full 7):
 PSYoungGen      total 188928K, used 177525K [0x00000007aab00000, 0x00000007b7d80000, 0x0000000800000000)
  eden space 167424K, 100% used [0x00000007aab00000,0x00000007b4e80000,0x00000007b4e80000)
  from space 21504K, 46% used [0x00000007b4e80000,0x00000007b585d668,0x00000007b6380000)
  to   space 22528K, 0% used [0x00000007b6780000,0x00000007b6780000,0x00000007b7d80000)
 ParOldGen       total 172032K, used 171820K [0x0000000700000000, 0x000000070a800000, 0x00000007aab00000)
  object space 172032K, 99% used [0x0000000700000000,0x000000070a7cb218,0x000000070a800000)
 Metaspace       used 110973K, committed 113728K, reserved 983040K
  class space    used 15318K, committed 16704K, reserved 851968K
}
Event: 35.796 GC heap after
{Heap after GC invocations=39 (full 7):
 PSYoungGen      total 192000K, used 16207K [0x00000007aab00000, 0x00000007b8280000, 0x0000000800000000)
  eden space 169472K, 0% used [0x00000007aab00000,0x00000007aab00000,0x00000007b5080000)
  from space 22528K, 71% used [0x00000007b6780000,0x00000007b7753fa0,0x00000007b7d80000)
  to   space 23552K, 0% used [0x00000007b5080000,0x00000007b5080000,0x00000007b6780000)
 ParOldGen       total 172032K, used 171828K [0x0000000700000000, 0x000000070a800000, 0x00000007aab00000)
  object space 172032K, 99% used [0x0000000700000000,0x000000070a7cd218,0x000000070a800000)
 Metaspace       used 110973K, committed 113728K, reserved 983040K
  class space    used 15318K, committed 16704K, reserved 851968K
}
Event: 35.796 GC heap before
{Heap before GC invocations=40 (full 8):
 PSYoungGen      total 192000K, used 16207K [0x00000007aab00000, 0x00000007b8280000, 0x0000000800000000)
  eden space 169472K, 0% used [0x00000007aab00000,0x00000007aab00000,0x00000007b5080000)
  from space 22528K, 71% used [0x00000007b6780000,0x00000007b7753fa0,0x00000007b7d80000)
  to   space 23552K, 0% used [0x00000007b5080000,0x00000007b5080000,0x00000007b6780000)
 ParOldGen       total 172032K, used 171828K [0x0000000700000000, 0x000000070a800000, 0x00000007aab00000)
  object space 172032K, 99% used [0x0000000700000000,0x000000070a7cd218,0x000000070a800000)
 Metaspace       used 110973K, committed 113728K, reserved 983040K
  class space    used 15318K, committed 16704K, reserved 851968K
}
Event: 35.925 GC heap after
{Heap after GC invocations=40 (full 8):
 PSYoungGen      total 192000K, used 15495K [0x00000007aab00000, 0x00000007b8280000, 0x0000000800000000)
  eden space 169472K, 0% used [0x00000007aab00000,0x00000007aab00000,0x00000007b5080000)
  from space 22528K, 68% used [0x00000007b6780000,0x00000007b76a1dd8,0x00000007b7d80000)
  to   space 23552K, 0% used [0x00000007b5080000,0x00000007b5080000,0x00000007b6780000)
 ParOldGen       total 172032K, used 171766K [0x0000000700000000, 0x000000070a800000, 0x00000007aab00000)
  object space 172032K, 99% used [0x0000000700000000,0x000000070a7bdb50,0x000000070a800000)
 Metaspace       used 110973K, committed 113728K, reserved 983040K
  class space    used 15318K, committed 16704K, reserved 851968K
}
Event: 36.359 GC heap before
{Heap before GC invocations=41 (full 8):
 PSYoungGen      total 192000K, used 184967K [0x00000007aab00000, 0x00000007b8280000, 0x0000000800000000)
  eden space 169472K, 100% used [0x00000007aab00000,0x00000007b5080000,0x00000007b5080000)
  from space 22528K, 68% used [0x00000007b6780000,0x00000007b76a1dd8,0x00000007b7d80000)
  to   space 23552K, 0% used [0x00000007b5080000,0x00000007b5080000,0x00000007b6780000)
 ParOldGen       total 172032K, used 171766K [0x0000000700000000, 0x000000070a800000, 0x00000007aab00000)
  object space 172032K, 99% used [0x0000000700000000,0x000000070a7bdb50,0x000000070a800000)
 Metaspace       used 111102K, committed 113856K, reserved 983040K
  class space    used 15334K, committed 16704K, reserved 851968K
}
Event: 36.378 GC heap after
{Heap after GC invocations=41 (full 8):
 PSYoungGen      total 193024K, used 21683K [0x00000007aab00000, 0x00000007b8800000, 0x0000000800000000)
  eden space 169472K, 0% used [0x00000007aab00000,0x00000007aab00000,0x00000007b5080000)
  from space 23552K, 92% used [0x00000007b5080000,0x00000007b65acce8,0x00000007b6780000)
  to   space 26112K, 0% used [0x00000007b6e80000,0x00000007b6e80000,0x00000007b8800000)
 ParOldGen       total 172032K, used 171766K [0x0000000700000000, 0x000000070a800000, 0x00000007aab00000)
  object space 172032K, 99% used [0x0000000700000000,0x000000070a7bdb50,0x000000070a800000)
 Metaspace       used 111102K, committed 113856K, reserved 983040K
  class space    used 15334K, committed 16704K, reserved 851968K
}
Event: 36.378 GC heap before
{Heap before GC invocations=42 (full 9):
 PSYoungGen      total 193024K, used 21683K [0x00000007aab00000, 0x00000007b8800000, 0x0000000800000000)
  eden space 169472K, 0% used [0x00000007aab00000,0x00000007aab00000,0x00000007b5080000)
  from space 23552K, 92% used [0x00000007b5080000,0x00000007b65acce8,0x00000007b6780000)
  to   space 26112K, 0% used [0x00000007b6e80000,0x00000007b6e80000,0x00000007b8800000)
 ParOldGen       total 172032K, used 171766K [0x0000000700000000, 0x000000070a800000, 0x00000007aab00000)
  object space 172032K, 99% used [0x0000000700000000,0x000000070a7bdb50,0x000000070a800000)
 Metaspace       used 111102K, committed 113856K, reserved 983040K
  class space    used 15334K, committed 16704K, reserved 851968K
}
Event: 36.532 GC heap after
{Heap after GC invocations=42 (full 9):
 PSYoungGen      total 193024K, used 20704K [0x00000007aab00000, 0x00000007b8780000, 0x0000000800000000)
  eden space 169472K, 0% used [0x00000007aab00000,0x00000007aab00000,0x00000007b5080000)
  from space 23552K, 87% used [0x00000007b5080000,0x00000007b64b8078,0x00000007b6780000)
  to   space 26112K, 0% used [0x00000007b6e00000,0x00000007b6e00000,0x00000007b8780000)
 ParOldGen       total 172032K, used 171842K [0x0000000700000000, 0x000000070a800000, 0x00000007aab00000)
  object space 172032K, 99% used [0x0000000700000000,0x000000070a7d0858,0x000000070a800000)
 Metaspace       used 111102K, committed 113856K, reserved 983040K
  class space    used 15334K, committed 16704K, reserved 851968K
}

